<?xml version="1.0" encoding="UTF-8"?>
<!-- Generated by org.testng.reporters.JUnitXMLReporter -->
<testsuite hostname="inimaya" ignored="3" name="Default test" tests="1" failures="0" timestamp="01 Sep 2018 01:07:57 GMT" time="3.479" errors="0">
  <testcase name="UpdateLandLordData" time="3.434" classname="LandlordTestCases.LandlordTest"/>
  <testcase name="deleteLandLordData" time="0.0" classname="LandlordTestCases.LandlordTest">
    <ignored/>
  </testcase> <!-- deleteLandLordData -->
  <testcase name="addLandLordData" time="0.0" classname="LandlordTestCases.LandlordTest">
    <ignored/>
  </testcase> <!-- addLandLordData -->
  <testcase name="getLandLordData" time="0.0" classname="LandlordTestCases.LandlordTest">
    <ignored/>
  </testcase> <!-- getLandLordData -->
</testsuite> <!-- Default test -->
