<?xml version="1.0" encoding="UTF-8"?>
<!-- Generated by org.testng.reporters.JUnitXMLReporter -->
<testsuite hostname="inimaya" ignored="3" name="Command line test" tests="1" failures="0" timestamp="11 Sep 2018 01:58:16 GMT" time="3.243" errors="0">
  <testcase name="addLandLordData" time="3.209" classname="LandlordTestCases.LandlordTest"/>
  <testcase name="UpdateLandLordData" time="0.0" classname="LandlordTestCases.LandlordTest">
    <ignored/>
  </testcase> <!-- UpdateLandLordData -->
  <testcase name="deleteLandLordData" time="0.0" classname="LandlordTestCases.LandlordTest">
    <ignored/>
  </testcase> <!-- deleteLandLordData -->
  <testcase name="getLandLordData" time="0.0" classname="LandlordTestCases.LandlordTest">
    <ignored/>
  </testcase> <!-- getLandLordData -->
</testsuite> <!-- Command line test -->
